<?xml version="1.0" encoding="UTF-8"?>
<testng-results skipped="0" failed="1" ignored="2" total="4" passed="1">
  <reporter-output>
  </reporter-output>
  <suite name="Suite" duration-ms="32026" started-at="2020-05-16T07:05:20Z" finished-at="2020-05-16T07:05:52Z">
    <groups>
    </groups>
    <test name="Test" duration-ms="32026" started-at="2020-05-16T07:05:20Z" finished-at="2020-05-16T07:05:52Z">
      <class name="com.qa.TestCases.CustomerTest">
        <test-method status="PASS" signature="setup()[pri:0, instance:com.qa.TestCases.CustomerTest@7ec7ffd3]" name="setup" is-config="true" duration-ms="16202" started-at="2020-05-16T07:05:20Z" finished-at="2020-05-16T07:05:36Z">
          <reporter-output>
          </reporter-output>
        </test-method> <!-- setup -->
        <test-method status="PASS" signature="Login()[pri:1, instance:com.qa.TestCases.CustomerTest@7ec7ffd3]" name="Login" duration-ms="3131" started-at="2020-05-16T07:05:36Z" finished-at="2020-05-16T07:05:39Z">
          <reporter-output>
          </reporter-output>
        </test-method> <!-- Login -->
        <test-method status="FAIL" signature="Customer()[pri:3, instance:com.qa.TestCases.CustomerTest@7ec7ffd3]" name="Customer" duration-ms="11025" started-at="2020-05-16T07:05:39Z" finished-at="2020-05-16T07:05:50Z">
          <exception class="java.lang.AssertionError">
            <message>
              <![CDATA[expected [Customers Registered Successfully!!!] but found [Customer Registered Successfully!!!]]]>
            </message>
            <full-stacktrace>
              <![CDATA[java.lang.AssertionError: expected [Customers Registered Successfully!!!] but found [Customer Registered Successfully!!!]
at org.testng.Assert.fail(Assert.java:96)
at org.testng.Assert.failNotEquals(Assert.java:776)
at org.testng.Assert.assertEqualsImpl(Assert.java:137)
at org.testng.Assert.assertEquals(Assert.java:118)
at org.testng.Assert.assertEquals(Assert.java:453)
at org.testng.Assert.assertEquals(Assert.java:463)
at com.qa.TestCases.CustomerTest.Customer(CustomerTest.java:42)
at sun.reflect.NativeMethodAccessorImpl.invoke0(Native Method)
at sun.reflect.NativeMethodAccessorImpl.invoke(Unknown Source)
at sun.reflect.DelegatingMethodAccessorImpl.invoke(Unknown Source)
at java.lang.reflect.Method.invoke(Unknown Source)
at org.testng.internal.MethodInvocationHelper.invokeMethod(MethodInvocationHelper.java:124)
at org.testng.internal.Invoker.invokeMethod(Invoker.java:583)
at org.testng.internal.Invoker.invokeTestMethod(Invoker.java:719)
at org.testng.internal.Invoker.invokeTestMethods(Invoker.java:989)
at org.testng.internal.TestMethodWorker.invokeTestMethods(TestMethodWorker.java:125)
at org.testng.internal.TestMethodWorker.run(TestMethodWorker.java:109)
at org.testng.TestRunner.privateRun(TestRunner.java:648)
at org.testng.TestRunner.run(TestRunner.java:505)
at org.testng.SuiteRunner.runTest(SuiteRunner.java:455)
at org.testng.SuiteRunner.runSequentially(SuiteRunner.java:450)
at org.testng.SuiteRunner.privateRun(SuiteRunner.java:415)
at org.testng.SuiteRunner.run(SuiteRunner.java:364)
at org.testng.SuiteRunnerWorker.runSuite(SuiteRunnerWorker.java:52)
at org.testng.SuiteRunnerWorker.run(SuiteRunnerWorker.java:84)
at org.testng.TestNG.runSuitesSequentially(TestNG.java:1208)
at org.testng.TestNG.runSuitesLocally(TestNG.java:1137)
at org.testng.TestNG.runSuites(TestNG.java:1049)
at org.testng.TestNG.run(TestNG.java:1017)
at org.testng.remote.AbstractRemoteTestNG.run(AbstractRemoteTestNG.java:115)
at org.testng.remote.RemoteTestNG.initAndRun(RemoteTestNG.java:251)
at org.testng.remote.RemoteTestNG.main(RemoteTestNG.java:77)
]]>
            </full-stacktrace>
          </exception> <!-- java.lang.AssertionError -->
          <reporter-output>
          </reporter-output>
        </test-method> <!-- Customer -->
        <test-method status="PASS" signature="teardown()[pri:0, instance:com.qa.TestCases.CustomerTest@7ec7ffd3]" name="teardown" is-config="true" duration-ms="706" started-at="2020-05-16T07:05:51Z" finished-at="2020-05-16T07:05:52Z">
          <reporter-output>
          </reporter-output>
        </test-method> <!-- teardown -->
      </class> <!-- com.qa.TestCases.CustomerTest -->
    </test> <!-- Test -->
  </suite> <!-- Suite -->
</testng-results>
