<!DOCTYPE html PUBLIC "-//W3C//DTD XHTML 1.1//EN" "http://www.w3.org/TR/xhtml11/DTD/xhtml11.dtd">
<html xmlns="http://www.w3.org/1999/xhtml">
<head>
<meta http-equiv="content-type" content="text/html; charset=UTF-8"/>
<title>TestNG Report</title>
<style type="text/css">table {margin-bottom:10px;border-collapse:collapse;empty-cells:show}th,td {border:1px solid #009;padding:.25em .5em}th {vertical-align:bottom}td {vertical-align:top}table a {font-weight:bold}.stripe td {background-color: #E6EBF9}.num {text-align:right}.passedodd td {background-color: #3F3}.passedeven td {background-color: #0A0}.skippedodd td {background-color: #DDD}.skippedeven td {background-color: #CCC}.failedodd td,.attn {background-color: #F33}.failedeven td,.stripe .attn {background-color: #D00}.stacktrace {white-space:pre;font-family:monospace}.totop {font-size:85%;text-align:center;border-bottom:2px solid #000}.invisible {display:none}</style>
</head>
<body>
<table>
<tr><th>Test</th><th># Passed</th><th># Skipped</th><th># Failed</th><th>Time (ms)</th><th>Included Groups</th><th>Excluded Groups</th></tr>
<tr><th colspan="7">Suite</th></tr>
<tr><td><a href="#t0">Test</a></td><td class="num">2</td><td class="num attn">2</td><td class="num attn">4</td><td class="num">95,668</td><td></td><td></td></tr>
</table>
<table id='summary'><thead><tr><th>Class</th><th>Method</th><th>Start</th><th>Time (ms)</th></tr></thead><tbody><tr><th colspan="4">Suite</th></tr></tbody><tbody id="t0"><tr><th colspan="4">Test &#8212; failed</th></tr><tr class="failedeven"><td rowspan="3">com.qa.Testcases.ContactsTest</td><td><a href="#m0">Homepagetitle</a></td><td rowspan="1">1588343840354</td><td rowspan="1">5</td></tr><tr class="failedeven"><td><a href="#m1">confirmTitle</a></td><td rowspan="1">1588343806944</td><td rowspan="1">5031</td></tr><tr class="failedeven"><td><a href="#m2">createcontact</a></td><td rowspan="1">1588343813557</td><td rowspan="1">23435</td></tr><tr class="failedodd"><td rowspan="1">com.qa.Testcases.LoginTest</td><td><a href="#m3">confirmTitle</a></td><td rowspan="1">1588343799469</td><td rowspan="1">5029</td></tr><tr><th colspan="4">Test &#8212; skipped</th></tr><tr class="skippedeven"><td rowspan="2">com.qa.Testcases.ContactsTest</td><td><a href="#m4">LoginDataExcel</a></td><td rowspan="1">1588343839589</td><td rowspan="1">0</td></tr><tr class="skippedeven"><td><a href="#m5">Webtable</a></td><td rowspan="1">1588343838835</td><td rowspan="1">0</td></tr><tr><th colspan="4">Test &#8212; passed</th></tr><tr class="passedeven"><td rowspan="1">com.qa.Testcases.ContactsTest</td><td><a href="#m6">login</a></td><td rowspan="1">1588343789836</td><td rowspan="1">9622</td></tr><tr class="passedodd"><td rowspan="1">com.qa.Testcases.LoginTest</td><td><a href="#m7">login</a></td><td rowspan="1">1588343764307</td><td rowspan="1">10147</td></tr></tbody>
</table>
<h2>Test</h2><h3 id="m0">com.qa.Testcases.ContactsTest#Homepagetitle</h3><table class="result"><tr><th>Messages</th></tr><tr><td><div class="messages"><a href='C:\Users\sehkar\eclipse-workspace\Hubspot-TestNG\target\surefire-reports\failure_screenshots\Homepagetitle_01_05_2020_08_07_21.png'> <img src='C:\Users\sehkar\eclipse-workspace\Hubspot-TestNG\target\surefire-reports\failure_screenshots\Homepagetitle_01_05_2020_08_07_21.png' height='100' width='100'/> </a></div></td></tr><tr><th>Exception</th></tr><tr><td><div class="stacktrace">java.lang.AssertionError: expected [true] but found [false]
	at com.qa.Testcases.ContactsTest.Homepagetitle(ContactsTest.java:85)
... Removed 29 stack frames</div></td></tr></table><p class="totop"><a href="#summary">back to summary</a></p>
<h3 id="m1">com.qa.Testcases.ContactsTest#confirmTitle</h3><table class="result"><tr><th>Messages</th></tr><tr><td><div class="messages"><a href='C:\Users\sehkar\eclipse-workspace\Hubspot-TestNG\target\surefire-reports\failure_screenshots\confirmTitle_01_05_2020_08_06_52.png'> <img src='C:\Users\sehkar\eclipse-workspace\Hubspot-TestNG\target\surefire-reports\failure_screenshots\confirmTitle_01_05_2020_08_06_52.png' height='100' width='100'/> </a></div></td></tr><tr><th>Exception</th></tr><tr><td><div class="stacktrace">java.lang.AssertionError: expected [Reports dashboard1] but found [Reports dashboard]
	at com.qa.Testcases.LoginTest.confirmTitle(LoginTest.java:75)
... Removed 31 stack frames</div></td></tr></table><p class="totop"><a href="#summary">back to summary</a></p>
<h3 id="m2">com.qa.Testcases.ContactsTest#createcontact</h3><table class="result"><tr><th>Messages</th></tr><tr><td><div class="messages"><a href='C:\Users\sehkar\eclipse-workspace\Hubspot-TestNG\target\surefire-reports\failure_screenshots\createcontact_01_05_2020_08_07_17.png'> <img src='C:\Users\sehkar\eclipse-workspace\Hubspot-TestNG\target\surefire-reports\failure_screenshots\createcontact_01_05_2020_08_07_17.png' height='100' width='100'/> </a></div></td></tr><tr><th>Exception</th></tr><tr><td><div class="stacktrace">org.openqa.selenium.NoSuchElementException: no such element: Unable to locate element: {&quot;method&quot;:&quot;xpath&quot;,&quot;selector&quot;:&quot;//input[@id=&apos;UIFormControl-10&apos;]&quot;}
  (Session info: chrome=81.0.4044.129)
  (Driver info: chromedriver=2.44.609538 (b655c5a60b0b544917107a59d4153d4bf78e1b90),platform=Windows NT 10.0.18362 x86_64) (WARNING: The server did not provide any stacktrace information)
Command duration or timeout: 0 milliseconds
For documentation on this error, please visit: https://www.seleniumhq.org/exceptions/no_such_element.html
Build info: version: &apos;3.141.59&apos;, revision: &apos;e82be7d358&apos;, time: &apos;2018-11-14T08:17:03&apos;
System info: host: &apos;DESKTOP-9J1KF08&apos;, ip: &apos;192.168.43.5&apos;, os.name: &apos;Windows 10&apos;, os.arch: &apos;amd64&apos;, os.version: &apos;10.0&apos;, java.version: &apos;1.8.0_251&apos;
Driver info: org.openqa.selenium.chrome.ChromeDriver
Capabilities {acceptInsecureCerts: false, acceptSslCerts: false, applicationCacheEnabled: false, browserConnectionEnabled: false, browserName: chrome, chrome: {chromedriverVersion: 2.44.609538 (b655c5a60b0b54..., userDataDir: C:\Users\sehkar\AppData\Loc...}, cssSelectorsEnabled: true, databaseEnabled: false, goog:chromeOptions: {debuggerAddress: localhost:60668}, handlesAlerts: true, hasTouchScreen: false, javascriptEnabled: true, locationContextEnabled: true, mobileEmulationEnabled: false, nativeEvents: true, networkConnectionEnabled: false, pageLoadStrategy: normal, platform: XP, platformName: XP, rotatable: false, setWindowRect: true, takesHeapSnapshot: true, takesScreenshot: true, unexpectedAlertBehaviour: ignore, unhandledPromptBehavior: ignore, version: 81.0.4044.129, webStorageEnabled: true}
Session ID: 3409d970005214f1823eb0373ecccec6
*** Element info: {Using=xpath, value=//input[@id=&apos;UIFormControl-10&apos;]}
	at org.openqa.selenium.remote.ErrorHandler.createThrowable(ErrorHandler.java:214)
	at org.openqa.selenium.remote.ErrorHandler.throwIfResponseFailed(ErrorHandler.java:166)
	at org.openqa.selenium.remote.http.JsonHttpResponseCodec.reconstructValue(JsonHttpResponseCodec.java:40)
	at org.openqa.selenium.remote.http.AbstractHttpResponseCodec.decode(AbstractHttpResponseCodec.java:80)
	at org.openqa.selenium.remote.http.AbstractHttpResponseCodec.decode(AbstractHttpResponseCodec.java:44)
	at org.openqa.selenium.remote.HttpCommandExecutor.execute(HttpCommandExecutor.java:158)
	at org.openqa.selenium.remote.service.DriverCommandExecutor.execute(DriverCommandExecutor.java:83)
	at org.openqa.selenium.remote.RemoteWebDriver.execute(RemoteWebDriver.java:552)
	at org.openqa.selenium.remote.RemoteWebDriver.findElement(RemoteWebDriver.java:323)
	at org.openqa.selenium.remote.RemoteWebDriver.findElementByXPath(RemoteWebDriver.java:428)
	at org.openqa.selenium.By$ByXPath.findElement(By.java:353)
	at org.openqa.selenium.remote.RemoteWebDriver.findElement(RemoteWebDriver.java:315)
	at org.openqa.selenium.support.pagefactory.DefaultElementLocator.findElement(DefaultElementLocator.java:69)
	at org.openqa.selenium.support.pagefactory.internal.LocatingElementHandler.invoke(LocatingElementHandler.java:38)
	at com.sun.proxy.$Proxy21.sendKeys(Unknown Source)
	at com.qa.Testcases.ContactsTest.createcontact(ContactsTest.java:56)
... Removed 29 stack frames</div></td></tr></table><p class="totop"><a href="#summary">back to summary</a></p>
<h3 id="m3">com.qa.Testcases.LoginTest#confirmTitle</h3><table class="result"><tr><th>Messages</th></tr><tr><td><div class="messages"><a href='C:\Users\sehkar\eclipse-workspace\Hubspot-TestNG\target\surefire-reports\failure_screenshots\confirmTitle_01_05_2020_08_06_45.png'> <img src='C:\Users\sehkar\eclipse-workspace\Hubspot-TestNG\target\surefire-reports\failure_screenshots\confirmTitle_01_05_2020_08_06_45.png' height='100' width='100'/> </a></div></td></tr><tr><th>Exception</th></tr><tr><td><div class="stacktrace">java.lang.AssertionError: expected [Reports dashboard1] but found [Reports dashboard]
	at com.qa.Testcases.LoginTest.confirmTitle(LoginTest.java:75)
... Removed 31 stack frames</div></td></tr></table><p class="totop"><a href="#summary">back to summary</a></p>
<h3 id="m4">com.qa.Testcases.ContactsTest#LoginDataExcel</h3><table class="result"><tr><th>Exception</th></tr><tr><td><div class="stacktrace">java.lang.RuntimeException: java.io.FileNotFoundException: S:\New folder\projectworkplace\TestNG-Hubspot\src\main\java\com\qa\Testdata\testngdatadrivenmar2020.xlsx (The system cannot find the path specified)
Caused by: java.io.FileNotFoundException: S:\New folder\projectworkplace\TestNG-Hubspot\src\main\java\com\qa\Testdata\testngdatadrivenmar2020.xlsx (The system cannot find the path specified)
	at java.io.FileInputStream.open0(Native Method)
	at java.io.FileInputStream.open(Unknown Source)
	at java.io.FileInputStream.&lt;init&gt;(Unknown Source)
	at java.io.FileInputStream.&lt;init&gt;(Unknown Source)
	at com.qa.Util.ExcelUtils.getRowCount(ExcelUtils.java:27)
	at com.qa.Testcases.ContactsTest.getData(ContactsTest.java:127)
	... 22 more
... Removed 30 stack frames</div></td></tr></table><p class="totop"><a href="#summary">back to summary</a></p>
<h3 id="m5">com.qa.Testcases.ContactsTest#Webtable</h3><table class="result"><tr><th>Exception</th></tr><tr><td><div class="stacktrace">java.lang.Throwable: Method ContactsTest.Webtable()[pri:4, instance:com.qa.Testcases.ContactsTest@6bd16207] depends on not successfully finished methods
... Removed 18 stack frames</div></td></tr></table><p class="totop"><a href="#summary">back to summary</a></p>
<h3 id="m6">com.qa.Testcases.ContactsTest#login</h3><table class="result"><tr><th class="invisible"/></tr></table><p class="totop"><a href="#summary">back to summary</a></p>
<h3 id="m7">com.qa.Testcases.LoginTest#login</h3><table class="result"><tr><th class="invisible"/></tr></table><p class="totop"><a href="#summary">back to summary</a></p>
</body>
</html>
