<?xml version="1.0" encoding="UTF-8"?>
<!-- Generated by org.testng.reporters.JUnitXMLReporter -->
<testsuite hostname="DESKTOP-9J1KF08" ignored="0" name="Test" tests="8" failures="4" timestamp="01 May 2020 14:37:22 GMT" time="95.668" errors="0">
  <testcase name="login" time="10.147" classname="com.qa.Testcases.LoginTest"/>
  <testcase name="login" time="9.622" classname="com.qa.Testcases.LoginTest"/>
  <testcase name="confirmTitle" time="5.029" classname="com.qa.Testcases.LoginTest">
    <failure type="java.lang.AssertionError" message="expected [Reports dashboard1] but found [Reports dashboard]">
      <![CDATA[java.lang.AssertionError: expected [Reports dashboard1] but found [Reports dashboard]
at com.qa.Testcases.LoginTest.confirmTitle(LoginTest.java:75)
... Removed 31 stack frames]]>
    </failure>
  </testcase> <!-- confirmTitle -->
  <testcase name="confirmTitle" time="5.031" classname="com.qa.Testcases.LoginTest">
    <failure type="java.lang.AssertionError" message="expected [Reports dashboard1] but found [Reports dashboard]">
      <![CDATA[java.lang.AssertionError: expected [Reports dashboard1] but found [Reports dashboard]
at com.qa.Testcases.LoginTest.confirmTitle(LoginTest.java:75)
... Removed 31 stack frames]]>
    </failure>
  </testcase> <!-- confirmTitle -->
  <testcase name="createcontact" time="23.435" classname="com.qa.Testcases.ContactsTest">
    <failure type="org.openqa.selenium.NoSuchElementException" message="no such element: Unable to locate element: {&amp;quot;method&amp;quot;:&amp;quot;xpath&amp;quot;,&amp;quot;selector&amp;quot;:&amp;quot;//input[@id=&amp;apos;UIFormControl-10&amp;apos;]&amp;quot;}
  (Session info: chrome=81.0.4044.129)
  (Driver info: chromedriver=2.44.609538 (b655c5a60b0b544917107a59d4153d4bf78e1b90),platform=Windows NT 10.0.18362 x86_64) (WARNING: The server did not provide any stacktrace information)
Command duration or timeout: 0 milliseconds
For documentation on this error, please visit: https://www.seleniumhq.org/exceptions/no_such_element.html
Build info: version: &amp;apos;3.141.59&amp;apos;, revision: &amp;apos;e82be7d358&amp;apos;, time: &amp;apos;2018-11-14T08:17:03&amp;apos;
System info: host: &amp;apos;DESKTOP-9J1KF08&amp;apos;, ip: &amp;apos;192.168.43.5&amp;apos;, os.name: &amp;apos;Windows 10&amp;apos;, os.arch: &amp;apos;amd64&amp;apos;, os.version: &amp;apos;10.0&amp;apos;, java.version: &amp;apos;1.8.0_251&amp;apos;
Driver info: org.openqa.selenium.chrome.ChromeDriver
Capabilities {acceptInsecureCerts: false, acceptSslCerts: false, applicationCacheEnabled: false, browserConnectionEnabled: false, browserName: chrome, chrome: {chromedriverVersion: 2.44.609538 (b655c5a60b0b54..., userDataDir: C:\Users\sehkar\AppData\Loc...}, cssSelectorsEnabled: true, databaseEnabled: false, goog:chromeOptions: {debuggerAddress: localhost:60668}, handlesAlerts: true, hasTouchScreen: false, javascriptEnabled: true, locationContextEnabled: true, mobileEmulationEnabled: false, nativeEvents: true, networkConnectionEnabled: false, pageLoadStrategy: normal, platform: XP, platformName: XP, rotatable: false, setWindowRect: true, takesHeapSnapshot: true, takesScreenshot: true, unexpectedAlertBehaviour: ignore, unhandledPromptBehavior: ignore, version: 81.0.4044.129, webStorageEnabled: true}
Session ID: 3409d970005214f1823eb0373ecccec6
*** Element info: {Using=xpath, value=//input[@id=&amp;apos;UIFormControl-10&amp;apos;]}">
      <![CDATA[org.openqa.selenium.NoSuchElementException: no such element: Unable to locate element: {"method":"xpath","selector":"//input[@id='UIFormControl-10']"}
  (Session info: chrome=81.0.4044.129)
  (Driver info: chromedriver=2.44.609538 (b655c5a60b0b544917107a59d4153d4bf78e1b90),platform=Windows NT 10.0.18362 x86_64) (WARNING: The server did not provide any stacktrace information)
Command duration or timeout: 0 milliseconds
For documentation on this error, please visit: https://www.seleniumhq.org/exceptions/no_such_element.html
Build info: version: '3.141.59', revision: 'e82be7d358', time: '2018-11-14T08:17:03'
System info: host: 'DESKTOP-9J1KF08', ip: '192.168.43.5', os.name: 'Windows 10', os.arch: 'amd64', os.version: '10.0', java.version: '1.8.0_251'
Driver info: org.openqa.selenium.chrome.ChromeDriver
Capabilities {acceptInsecureCerts: false, acceptSslCerts: false, applicationCacheEnabled: false, browserConnectionEnabled: false, browserName: chrome, chrome: {chromedriverVersion: 2.44.609538 (b655c5a60b0b54..., userDataDir: C:\Users\sehkar\AppData\Loc...}, cssSelectorsEnabled: true, databaseEnabled: false, goog:chromeOptions: {debuggerAddress: localhost:60668}, handlesAlerts: true, hasTouchScreen: false, javascriptEnabled: true, locationContextEnabled: true, mobileEmulationEnabled: false, nativeEvents: true, networkConnectionEnabled: false, pageLoadStrategy: normal, platform: XP, platformName: XP, rotatable: false, setWindowRect: true, takesHeapSnapshot: true, takesScreenshot: true, unexpectedAlertBehaviour: ignore, unhandledPromptBehavior: ignore, version: 81.0.4044.129, webStorageEnabled: true}
Session ID: 3409d970005214f1823eb0373ecccec6
*** Element info: {Using=xpath, value=//input[@id='UIFormControl-10']}
at org.openqa.selenium.remote.ErrorHandler.createThrowable(ErrorHandler.java:214)
at org.openqa.selenium.remote.ErrorHandler.throwIfResponseFailed(ErrorHandler.java:166)
at org.openqa.selenium.remote.http.JsonHttpResponseCodec.reconstructValue(JsonHttpResponseCodec.java:40)
at org.openqa.selenium.remote.http.AbstractHttpResponseCodec.decode(AbstractHttpResponseCodec.java:80)
at org.openqa.selenium.remote.http.AbstractHttpResponseCodec.decode(AbstractHttpResponseCodec.java:44)
at org.openqa.selenium.remote.HttpCommandExecutor.execute(HttpCommandExecutor.java:158)
at org.openqa.selenium.remote.service.DriverCommandExecutor.execute(DriverCommandExecutor.java:83)
at org.openqa.selenium.remote.RemoteWebDriver.execute(RemoteWebDriver.java:552)
at org.openqa.selenium.remote.RemoteWebDriver.findElement(RemoteWebDriver.java:323)
at org.openqa.selenium.remote.RemoteWebDriver.findElementByXPath(RemoteWebDriver.java:428)
at org.openqa.selenium.By$ByXPath.findElement(By.java:353)
at org.openqa.selenium.remote.RemoteWebDriver.findElement(RemoteWebDriver.java:315)
at org.openqa.selenium.support.pagefactory.DefaultElementLocator.findElement(DefaultElementLocator.java:69)
at org.openqa.selenium.support.pagefactory.internal.LocatingElementHandler.invoke(LocatingElementHandler.java:38)
at com.sun.proxy.$Proxy21.sendKeys(Unknown Source)
at com.qa.Testcases.ContactsTest.createcontact(ContactsTest.java:56)
... Removed 29 stack frames]]>
    </failure>
  </testcase> <!-- createcontact -->
  <testcase name="Webtable" time="0.0" classname="com.qa.Testcases.ContactsTest">
    <skipped/>
  </testcase> <!-- Webtable -->
  <testcase name="LoginDataExcel" time="0.0" classname="com.qa.Testcases.ContactsTest">
    <skipped/>
  </testcase> <!-- LoginDataExcel -->
  <testcase name="Homepagetitle" time="0.005" classname="com.qa.Testcases.ContactsTest">
    <failure type="java.lang.AssertionError" message="expected [true] but found [false]">
      <![CDATA[java.lang.AssertionError: expected [true] but found [false]
at com.qa.Testcases.ContactsTest.Homepagetitle(ContactsTest.java:85)
... Removed 29 stack frames]]>
    </failure>
  </testcase> <!-- Homepagetitle -->
</testsuite> <!-- Test -->
